mode: atomic
github.com/maxzerbini/oauth/server.go:51.53,52.22 1 1
github.com/maxzerbini/oauth/server.go:55.2,60.12 2 1
github.com/maxzerbini/oauth/server.go:52.22,54.3 1 1
github.com/maxzerbini/oauth/server.go:64.63,70.38 5 0
github.com/maxzerbini/oauth/server.go:80.2,82.22 3 0
github.com/maxzerbini/oauth/server.go:70.38,74.17 3 0
github.com/maxzerbini/oauth/server.go:74.17,77.4 2 0
github.com/maxzerbini/oauth/server.go:86.65,91.42 4 0
github.com/maxzerbini/oauth/server.go:100.2,104.22 4 0
github.com/maxzerbini/oauth/server.go:91.42,95.17 3 0
github.com/maxzerbini/oauth/server.go:95.17,98.4 2 0
github.com/maxzerbini/oauth/server.go:108.65,116.20 7 0
github.com/maxzerbini/oauth/server.go:125.2,126.24 2 0
github.com/maxzerbini/oauth/server.go:116.20,120.17 3 0
github.com/maxzerbini/oauth/server.go:120.17,123.4 2 0
github.com/maxzerbini/oauth/server.go:130.159,132.29 1 6
github.com/maxzerbini/oauth/server.go:132.29,134.17 2 3
github.com/maxzerbini/oauth/server.go:134.17,136.18 2 2
github.com/maxzerbini/oauth/server.go:136.18,139.19 2 2
github.com/maxzerbini/oauth/server.go:142.5,143.19 2 2
github.com/maxzerbini/oauth/server.go:139.19,141.6 1 0
github.com/maxzerbini/oauth/server.go:143.19,145.6 1 2
github.com/maxzerbini/oauth/server.go:145.11,147.6 1 0
github.com/maxzerbini/oauth/server.go:148.10,150.5 1 0
github.com/maxzerbini/oauth/server.go:152.9,155.4 1 1
github.com/maxzerbini/oauth/server.go:156.8,156.46 1 3
github.com/maxzerbini/oauth/server.go:156.46,158.17 2 2
github.com/maxzerbini/oauth/server.go:158.17,160.18 2 2
github.com/maxzerbini/oauth/server.go:160.18,163.19 2 2
github.com/maxzerbini/oauth/server.go:166.5,167.19 2 2
github.com/maxzerbini/oauth/server.go:163.19,165.6 1 0
github.com/maxzerbini/oauth/server.go:167.19,169.6 1 2
github.com/maxzerbini/oauth/server.go:169.11,171.6 1 0
github.com/maxzerbini/oauth/server.go:172.10,174.5 1 0
github.com/maxzerbini/oauth/server.go:175.9,178.4 1 0
github.com/maxzerbini/oauth/server.go:179.8,179.46 1 1
github.com/maxzerbini/oauth/server.go:179.46,180.69 1 0
github.com/maxzerbini/oauth/server.go:180.69,182.18 2 0
github.com/maxzerbini/oauth/server.go:182.18,184.19 2 0
github.com/maxzerbini/oauth/server.go:184.19,187.20 2 0
github.com/maxzerbini/oauth/server.go:190.6,191.20 2 0
github.com/maxzerbini/oauth/server.go:187.20,189.7 1 0
github.com/maxzerbini/oauth/server.go:191.20,193.7 1 0
github.com/maxzerbini/oauth/server.go:193.12,195.7 1 0
github.com/maxzerbini/oauth/server.go:196.11,198.6 1 0
github.com/maxzerbini/oauth/server.go:199.10,202.5 1 0
github.com/maxzerbini/oauth/server.go:203.9,206.4 1 0
github.com/maxzerbini/oauth/server.go:207.8,207.41 1 1
github.com/maxzerbini/oauth/server.go:207.41,210.17 2 1
github.com/maxzerbini/oauth/server.go:210.17,212.18 2 1
github.com/maxzerbini/oauth/server.go:212.18,215.19 2 1
github.com/maxzerbini/oauth/server.go:215.19,218.20 2 1
github.com/maxzerbini/oauth/server.go:221.6,222.20 2 1
github.com/maxzerbini/oauth/server.go:218.20,220.7 1 0
github.com/maxzerbini/oauth/server.go:222.20,224.7 1 1
github.com/maxzerbini/oauth/server.go:224.12,226.7 1 0
github.com/maxzerbini/oauth/server.go:227.11,229.6 1 0
github.com/maxzerbini/oauth/server.go:230.10,233.5 1 0
github.com/maxzerbini/oauth/server.go:234.9,237.4 1 0
github.com/maxzerbini/oauth/server.go:238.8,241.3 1 0
github.com/maxzerbini/oauth/server.go:244.128,248.23 3 8
github.com/maxzerbini/oauth/server.go:258.2,260.28 2 8
github.com/maxzerbini/oauth/server.go:248.23,250.17 2 8
github.com/maxzerbini/oauth/server.go:250.17,252.4 1 8
github.com/maxzerbini/oauth/server.go:252.9,255.4 1 0
github.com/maxzerbini/oauth/server.go:263.111,265.16 2 7
github.com/maxzerbini/oauth/server.go:268.2,269.16 2 7
github.com/maxzerbini/oauth/server.go:272.2,274.23 2 7
github.com/maxzerbini/oauth/server.go:281.2,281.18 1 7
github.com/maxzerbini/oauth/server.go:265.16,267.3 1 0
github.com/maxzerbini/oauth/server.go:269.16,271.3 1 0
github.com/maxzerbini/oauth/server.go:274.23,277.17 2 7
github.com/maxzerbini/oauth/server.go:277.17,279.4 1 7
github.com/maxzerbini/oauth/basic.go:9.86,10.69 1 3
github.com/maxzerbini/oauth/basic.go:23.2,23.20 1 1
github.com/maxzerbini/oauth/basic.go:10.69,11.46 1 2
github.com/maxzerbini/oauth/basic.go:11.46,14.18 2 2
github.com/maxzerbini/oauth/basic.go:17.4,18.52 2 2
github.com/maxzerbini/oauth/basic.go:14.18,16.5 1 0
github.com/maxzerbini/oauth/basic.go:18.52,20.5 1 2
github.com/maxzerbini/oauth/basic.go:27.82,29.16 2 1
github.com/maxzerbini/oauth/basic.go:29.16,31.3 1 0
github.com/maxzerbini/oauth/basic.go:31.8,32.25 1 1
github.com/maxzerbini/oauth/basic.go:37.3,37.13 1 1
github.com/maxzerbini/oauth/basic.go:32.25,33.38 1 1
github.com/maxzerbini/oauth/basic.go:33.38,35.5 1 0
github.com/maxzerbini/oauth/middleware.go:19.102,21.22 2 1
github.com/maxzerbini/oauth/middleware.go:24.2,25.11 2 1
github.com/maxzerbini/oauth/middleware.go:21.22,23.3 1 1
github.com/maxzerbini/oauth/middleware.go:30.82,32.2 1 0
github.com/maxzerbini/oauth/middleware.go:37.61,40.16 3 0
github.com/maxzerbini/oauth/middleware.go:40.16,43.3 2 0
github.com/maxzerbini/oauth/middleware.go:43.8,50.3 6 0
github.com/maxzerbini/oauth/middleware.go:54.93,55.19 1 2
github.com/maxzerbini/oauth/middleware.go:58.2,59.26 2 2
github.com/maxzerbini/oauth/middleware.go:62.2,63.16 2 2
github.com/maxzerbini/oauth/middleware.go:66.2,66.69 1 2
github.com/maxzerbini/oauth/middleware.go:69.2,69.19 1 1
github.com/maxzerbini/oauth/middleware.go:55.19,57.3 1 0
github.com/maxzerbini/oauth/middleware.go:59.26,61.3 1 0
github.com/maxzerbini/oauth/middleware.go:63.16,65.3 1 0
github.com/maxzerbini/oauth/middleware.go:66.69,68.3 1 1
github.com/maxzerbini/oauth/security.go:20.70,22.2 1 5
github.com/maxzerbini/oauth/security.go:24.73,26.16 2 7
github.com/maxzerbini/oauth/security.go:29.2,29.25 1 7
github.com/maxzerbini/oauth/security.go:26.16,28.3 1 0
github.com/maxzerbini/oauth/security.go:32.87,34.16 2 7
github.com/maxzerbini/oauth/security.go:37.2,37.25 1 7
github.com/maxzerbini/oauth/security.go:34.16,36.3 1 0
github.com/maxzerbini/oauth/security.go:40.75,42.16 2 2
github.com/maxzerbini/oauth/security.go:45.2,46.16 2 2
github.com/maxzerbini/oauth/security.go:49.2,49.15 1 2
github.com/maxzerbini/oauth/security.go:42.16,44.3 1 0
github.com/maxzerbini/oauth/security.go:46.16,48.3 1 0
github.com/maxzerbini/oauth/security.go:52.103,54.16 2 2
github.com/maxzerbini/oauth/security.go:57.2,58.16 2 2
github.com/maxzerbini/oauth/security.go:61.2,61.21 1 2
github.com/maxzerbini/oauth/security.go:54.16,56.3 1 0
github.com/maxzerbini/oauth/security.go:58.16,60.3 1 0
github.com/maxzerbini/oauth/security.go:64.62,66.16 2 19
github.com/maxzerbini/oauth/security.go:69.2,69.55 1 19
github.com/maxzerbini/oauth/security.go:66.16,68.3 1 0
github.com/maxzerbini/oauth/security.go:72.64,74.16 2 7
github.com/maxzerbini/oauth/security.go:77.2,77.43 1 7
github.com/maxzerbini/oauth/security.go:74.16,76.3 1 0
github.com/maxzerbini/oauth/security.go:85.71,88.2 2 1
github.com/maxzerbini/oauth/security.go:90.78,93.16 3 2
github.com/maxzerbini/oauth/security.go:96.2,97.18 2 2
github.com/maxzerbini/oauth/security.go:93.16,95.3 1 0
github.com/maxzerbini/oauth/security.go:100.80,103.16 3 1
github.com/maxzerbini/oauth/security.go:106.2,107.18 2 1
github.com/maxzerbini/oauth/security.go:103.16,104.13 1 0
github.com/maxzerbini/oauth/security.go:115.83,118.2 2 4
github.com/maxzerbini/oauth/security.go:120.84,127.16 7 17
github.com/maxzerbini/oauth/security.go:130.2,131.18 2 17
github.com/maxzerbini/oauth/security.go:127.16,129.3 1 0
github.com/maxzerbini/oauth/security.go:134.86,135.22 1 6
github.com/maxzerbini/oauth/security.go:138.2,140.16 3 6
github.com/maxzerbini/oauth/security.go:143.2,147.25 5 6
github.com/maxzerbini/oauth/security.go:152.2,152.23 1 6
github.com/maxzerbini/oauth/security.go:135.22,137.3 1 0
github.com/maxzerbini/oauth/security.go:140.16,142.3 1 0
github.com/maxzerbini/oauth/security.go:147.25,148.19 1 192
github.com/maxzerbini/oauth/security.go:148.19,150.4 1 0
